Watching for file changes with StatReloader
[18/Mar/2026 22:14:11] "GET / HTTP/1.1" 200 120
[18/Mar/2026 22:14:11,392] - Broken pipe from ('10.0.14.113', 56495)
[18/Mar/2026 22:14:44] "GET / HTTP/1.1" 200 120
[18/Mar/2026 22:14:45,066] - Broken pipe from ('10.0.14.113', 56514)
[18/Mar/2026 22:16:37] "GET /api/skills/ HTTP/1.1" 200 310
[18/Mar/2026 22:16:37] "GET /api/projects/ HTTP/1.1" 200 1368
[18/Mar/2026 22:16:37] "GET /api/skills/ HTTP/1.1" 200 310
[18/Mar/2026 22:16:37] "GET /api/projects/ HTTP/1.1" 200 1368
[18/Mar/2026 22:17:26] "GET /api/skills/ HTTP/1.1" 200 310
[18/Mar/2026 22:17:26] "GET /api/projects/ HTTP/1.1" 200 1368
[18/Mar/2026 22:17:26] "GET /api/skills/ HTTP/1.1" 200 310
[18/Mar/2026 22:17:26] "GET /api/projects/ HTTP/1.1" 200 1368
[18/Mar/2026 22:17:29] "GET /api/skills/ HTTP/1.1" 200 310
[18/Mar/2026 22:17:29] "GET /api/projects/ HTTP/1.1" 200 1368
[18/Mar/2026 22:17:29] "GET /api/skills/ HTTP/1.1" 200 310
[18/Mar/2026 22:17:29] "GET /api/projects/ HTTP/1.1" 200 1368
[18/Mar/2026 22:17:47] "GET /api/skills/ HTTP/1.1" 200 310
[18/Mar/2026 22:17:47] "GET /api/projects/ HTTP/1.1" 200 1368
[18/Mar/2026 22:17:47] "GET /api/skills/ HTTP/1.1" 200 310
[18/Mar/2026 22:17:47] "GET /api/projects/ HTTP/1.1" 200 1368
[18/Mar/2026 22:18:45] "GET /api/skills/ HTTP/1.1" 200 310
[18/Mar/2026 22:18:45] "GET /api/projects/ HTTP/1.1" 200 1368
[18/Mar/2026 22:18:45] "GET /api/skills/ HTTP/1.1" 200 310
[18/Mar/2026 22:18:45] "GET /api/projects/ HTTP/1.1" 200 1368
[18/Mar/2026 22:18:58] "GET /api/projects/ HTTP/1.1" 200 1368
[18/Mar/2026 22:18:58] "GET /api/skills/ HTTP/1.1" 200 310
[18/Mar/2026 22:18:58] "GET /api/skills/ HTTP/1.1" 200 310
[18/Mar/2026 22:18:58] "GET /api/projects/ HTTP/1.1" 200 1368
[18/Mar/2026 22:19:41] "GET /api/skills/ HTTP/1.1" 200 310
[18/Mar/2026 22:19:41] "GET /api/projects/ HTTP/1.1" 200 1368
[18/Mar/2026 22:19:41] "GET /api/skills/ HTTP/1.1" 200 310
[18/Mar/2026 22:19:41] "GET /api/projects/ HTTP/1.1" 200 1368
[18/Mar/2026 22:20:40] "GET /api/skills/ HTTP/1.1" 200 310
[18/Mar/2026 22:20:40] "GET /api/projects/ HTTP/1.1" 200 1368
[18/Mar/2026 22:20:41] "GET /api/skills/ HTTP/1.1" 200 310
[18/Mar/2026 22:20:41] "GET /api/projects/ HTTP/1.1" 200 1368
[18/Mar/2026 22:21:01] "GET /api/skills/ HTTP/1.1" 200 310
[18/Mar/2026 22:21:01] "GET /api/projects/ HTTP/1.1" 200 1368
[18/Mar/2026 22:21:01] "GET /api/projects/ HTTP/1.1" 200 1368
[18/Mar/2026 22:21:01] "GET /api/skills/ HTTP/1.1" 200 310
[18/Mar/2026 22:21:09] "GET /api/skills/ HTTP/1.1" 200 310
[18/Mar/2026 22:21:09] "GET /api/projects/ HTTP/1.1" 200 1368
[18/Mar/2026 22:21:09] "GET /api/skills/ HTTP/1.1" 200 310
[18/Mar/2026 22:21:09] "GET /api/projects/ HTTP/1.1" 200 1368
[18/Mar/2026 22:32:59] "GET /api/skills/ HTTP/1.1" 200 310
[18/Mar/2026 22:32:59] "GET /api/projects/ HTTP/1.1" 200 1368
[18/Mar/2026 22:32:59] "GET /api/skills/ HTTP/1.1" 200 310
[18/Mar/2026 22:32:59] "GET /api/projects/ HTTP/1.1" 200 1368
[18/Mar/2026 22:34:22] "GET /api/skills/ HTTP/1.1" 200 310
[18/Mar/2026 22:36:19] "GET /api/skills/ HTTP/1.1" 200 419
[18/Mar/2026 22:36:19,794] - Broken pipe from ('10.0.14.113', 52894)
[18/Mar/2026 22:37:44] "GET /api/skills/ HTTP/1.1" 200 419
[18/Mar/2026 22:37:44] "GET /api/projects/ HTTP/1.1" 200 1368
[18/Mar/2026 22:37:44] "GET /api/skills/ HTTP/1.1" 200 419
[18/Mar/2026 22:37:44] "GET /api/projects/ HTTP/1.1" 200 1368
[18/Mar/2026 22:37:44] "GET /api/skills/ HTTP/1.1" 200 419
[18/Mar/2026 22:37:44] "GET /api/projects/ HTTP/1.1" 200 1368
[18/Mar/2026 22:37:44] "GET /api/skills/ HTTP/1.1" 200 419
[18/Mar/2026 22:37:44] "GET /api/projects/ HTTP/1.1" 200 1368
[18/Mar/2026 22:37:44] "GET /api/skills/ HTTP/1.1" 200 419
[18/Mar/2026 22:37:44] "GET /api/projects/ HTTP/1.1" 200 1368
[18/Mar/2026 22:37:44] "GET /api/skills/ HTTP/1.1" 200 419
[18/Mar/2026 22:37:44] "GET /api/projects/ HTTP/1.1" 200 1368
[18/Mar/2026 22:37:49] "GET /api/projects/ HTTP/1.1" 200 1368
[18/Mar/2026 22:37:49] "GET /api/skills/ HTTP/1.1" 200 419
[18/Mar/2026 22:37:49] "GET /api/projects/ HTTP/1.1" 200 1368
[18/Mar/2026 22:37:49] "GET /api/skills/ HTTP/1.1" 200 419
